<?xml version="1.0" encoding="UTF-8"?>
<!-- Generated by org.testng.reporters.JUnitReportReporter -->
<testsuite skipped="0" hostname="LAPTOP-GOU90RG5" name="BasicTests.PaymentModes" tests="3" failures="0" timestamp="2020-01-08T21:39:27 IST" time="0.006" errors="0">
  <testcase name="Rupay" time="0.002" classname="BasicTests.PaymentModes"/>
  <testcase name="PayTM" time="0.001" classname="BasicTests.PaymentModes"/>
  <testcase name="Online" time="0.003" classname="BasicTests.PaymentModes"/>
</testsuite> <!-- BasicTests.PaymentModes -->
