<?xml version="1.0" encoding="UTF-8"?>
<!-- Generated by org.testng.reporters.JUnitReportReporter -->
<testsuite skipped="0" hostname="LAPTOP-GOU90RG5" name="BasicTests.SignupTest" tests="2" failures="0" timestamp="2020-01-08T21:39:27 IST" time="0.012" errors="0">
  <testcase name="Gmailsignup" time="0.011" classname="BasicTests.SignupTest"/>
  <testcase name="Twitterlogin" time="0.001" classname="BasicTests.SignupTest"/>
</testsuite> <!-- BasicTests.SignupTest -->
