<?xml version="1.0" encoding="UTF-8"?>
<!-- Generated by org.testng.reporters.JUnitReportReporter -->
<testsuite skipped="0" hostname="LAPTOP-GOU90RG5" name="BasicTests.LoginTest" tests="3" failures="0" timestamp="2020-01-08T21:39:27 IST" time="0.002" errors="0">
  <testcase name="facebooklogin" time="0.000" classname="BasicTests.LoginTest"/>
  <testcase name="GmailLogin" time="0.001" classname="BasicTests.LoginTest"/>
  <testcase name="Twitterlogin" time="0.001" classname="BasicTests.LoginTest"/>
</testsuite> <!-- BasicTests.LoginTest -->
