<?xml version="1.0" encoding="UTF-8"?>
<!-- Generated by org.testng.reporters.JUnitReportReporter -->
<testsuite skipped="0" hostname="LAPTOP-GOU90RG5" name="BasicTests.PaymentCurrencies" tests="2" failures="0" timestamp="2020-01-08T21:39:27 IST" time="0.002" errors="0">
  <testcase name="PaymentByRupees" time="0.001" classname="BasicTests.PaymentCurrencies"/>
  <testcase name="PaymentByDollars" time="0.001" classname="BasicTests.PaymentCurrencies"/>
</testsuite> <!-- BasicTests.PaymentCurrencies -->
