<?xml version="1.0" encoding="UTF-8"?>
<!-- Generated by org.testng.reporters.JUnitReportReporter -->
<testsuite skipped="0" hostname="LAPTOP-GOU90RG5" name="com.testngpgrm.Annotations" tests="1" failures="0" timestamp="2020-01-22T21:21:36 IST" time="0.005" errors="0">
  <testcase name="first" time="0.005" classname="com.testngpgrm.Annotations"/>
</testsuite> <!-- com.testngpgrm.Annotations -->
